a1355396-4e16-443b-9a8e-8db53a5b3ef6:1744942394020:127:S:ALTER TABLE ROL_PERSONA ADD NIVEL_PERMISO VARCHAR(100);
f19d67d2-fc69-4557-b4f5-6e742077fc58:1744942510902:85:S:SELECT * FROM ROL_PERSONA;
62f3a9b1-ef4f-4a4d-95b4-4cf9a4f528dd:1744942539479:9:S:UPDATE ROL_PERSONA\nSET NIVEL_PERMISO = 'Completo'\nWHERE ID_ROL_PERSONA = 'Gerente';
b772d636-26d5-4231-9d78-9af561c6483f:1744942546086:8:S:SELECT * FROM ROL_PERSONA;
820e3ef2-ff12-4e1b-bb69-137b107401f7:1744942599950:108:S:CREATE OR REPLACE VIEW VISTA_AUTENTICACION\nAS\n    SELECT \n        P.PASSWORD_ID,\n        P.NOMBRE AS NOMBRE,\n        P.DIRECCION_DE_CORREO AS DIRECCION_DE_CORREO,\n        P.ID_ROL_PERSONA AS ROL,\n        PE.LLAVE AS LLAVE_PASSWORD,\n        PE.PASSWORD_VAL AS PASSWORD_VAL,\n        RO.NIVEL_PERMISO AS NIVEL_PERMISO,\n        E.ESTADO AS ESTADO_FILA\n    FROM PERSONAS P\n    JOIN ENCRIPCION_PASSWORDS PE ON P.PASSWORD_ID = PE.PASSWORD_ID\n    JOIN ROL_PERSONA RO ON P.ID_ROL_PERSONA = RO.ID_ROL_PERSONA\n    JOIN ESTADOS E ON P.ID_ESTADO = E.ID_ESTADO\n    WHERE E.ESTADO = 'Activo';
2540c5ce-a710-4e9f-9aeb-8dd08e4d22c0:1744942640858:217:S:CREATE OR REPLACE PROCEDURE ENVIO_AUTENTICACION (\n    P_CORREO VARCHAR,\n    P_PASSWORD VARCHAR,\n    P_CURSOR_RESULTADO OUT SYS_REFCURSOR\n)\nAS\n    V_RESULTADO_AUTH VARCHAR(20) := 'False';\nBEGIN\n    V_RESULTADO_AUTH := AUTENTICACION(P_CORREO,P_PASSWORD);\n\n    IF V_RESULTADO_AUTH = 'TRUE' THEN\n        OPEN P_CURSOR_RESULTADO FOR\n        SELECT NOMBRE, DIRECCION_DE_CORREO, ROL, NIVEL_PERMISO\n        FROM VISTA_AUTENTICACION\n        WHERE DIRECCION_DE_CORREO = P_CORREO;\n\n    ELSE\n\n        OPEN P_CURSOR_RESULTADO FOR\n        SELECT NOMBRE, DIRECCION_DE_CORREO, ROL\n        FROM VISTA_AUTENTICACION\n        WHERE DIRECCION_DE_CORREO = 'Invalid';\n    END IF;\nEND;\n/
4092f292-5e20-4f7a-95f8-73b7751ed50f:1744943141472:24:S:CREATE OR REPLACE PACKAGE PKT_PLATILLOS AS\n\n    PROCEDURE CREAR_PLATILLO( P_NOMBRE_PLATILLO VARCHAR, P_PRECIO_UNITARIO NUMBER, P_CANTIDAD NUMBER, P_COMENTARIO VARCHAR );\n    PROCEDURE ENVIO_TOTAL_PLATILLOS (P_CURSOR_RESULTADO OUT SYS_REFCURSOR);\n    PROCEDURE ENVIO_PLATILLO_INDIVIDUAL(P_ID_PLATILLO NUMBER, P_CURSOR_RESULTADO OUT SYS_REFCURSOR);\n    PROCEDURE ACTUALIZAR_PLATILLO( P_ID_PLATILLO NUMBER, P_NUEVO_NOMBRE VARCHAR, P_NUEVO_PRECIO NUMBER, P_NUEVA_CANTIDAD NUMBER);\n\nEND PKT_PLATILLOS;\n/
cd77cabb-366a-4c95-bad5-168cb9f94a08:1744943175992:16:S:CREATE OR REPLACE PACKAGE BODY PKT_PLATILLOS AS\n\n--LEER PLATILLOS\n    PROCEDURE CREAR_PLATILLO(\n        P_NOMBRE_PLATILLO VARCHAR,\n        P_PRECIO_UNITARIO NUMBER,\n        P_CANTIDAD NUMBER,\n        P_COMENTARIO VARCHAR\n    )\n    AS\n        V_ID_PLATILLO NUMBER;\n        V_ESTADO_ID VARCHAR(250);\n    BEGIN\n        INSERT INTO PLATILLOS(NOMBRE_PLATILLO, PRECIO_UNITARIO, CANTIDAD)\n        VALUES (P_NOMBRE_PLATILLO, P_PRECIO_UNITARIO, P_CANTIDAD)\n        RETURNING ID_PLATILLO INTO V_ID_PLATILLO;\n\n        V_ESTADO_ID := CREAR_ENTRADA_ESTADO(TO_CHAR(V_ID_PLATILLO), 'PLATILLOS', P_COMENTARIO);\n\n        UPDATE PLATILLOS\n        SET ID_ESTADO = V_ESTADO_ID\n        WHERE ID_PLATILLO = V_ID_PLATILLO;\n\n        COMMIT;\n    END CREAR_PLATILLO;\n\n--Enviar todos los platillos\n    PROCEDURE ENVIO_TOTAL_PLATILLOS (\n        P_CURSOR_RESULTADO OUT SYS_REFCURSOR\n    )\n    AS\n    BEGIN\n            OPEN P_CURSOR_RESULTADO FOR\n                SELECT ID_PLATILLO, NOMBRE_PLATILLO, PRECIO_UNITARIO, CANTIDAD\n                FROM VISTA_PLATILLOS;\n    END ENVIO_TOTAL_PLATILLOS;\n\n-- Leer un solo platillo\n    PROCEDURE ENVIO_PLATILLO_INDIVIDUAL(\n        P_ID_PLATILLO NUMBER,\n        P_CURSOR_RESULTADO OUT SYS_REFCURSOR\n    )\n    AS\n    BEGIN\n            OPEN P_CURSOR_RESULTADO FOR\n                SELECT ID_PLATILLO, NOMBRE_PLATILLO, PRECIO_UNITARIO, CANTIDAD\n                FROM VISTA_PLATILLOS\n                WHERE ID_PLATILLO = P_ID_PLATILLO;\n    END ENVIO_PLATILLO_INDIVIDUAL;\n\n--Actualizar platillo\n    PROCEDURE ACTUALIZAR_PLATILLO(\n        P_ID_PLATILLO NUMBER,\n        P_NUEVO_NOMBRE VARCHAR,\n        P_NUEVO_PRECIO NUMBER,\n        P_NUEVA_CANTIDAD NUMBER\n    )\n    AS\n    BEGIN\n        UPDATE PLATILLOS\n        SET NOMBRE_PLATILLO = P_NUEVO_NOMBRE,\n            PRECIO_UNITARIO = P_NUEVO_PRECIO,\n            CANTIDAD = P_NUEVA_CANTIDAD\n        WHERE ID_PLATILLO = P_ID_PLATILLO;\n        COMMIT;\n    END ACTUALIZAR_PLATILLO;\n\nEND PKT_PLATILLOS;\n/
6598f7c6-266a-412b-92cc-721be32ca757:1744944433374:13:S:SELECT * FROM HORARIOS_MESA;
60d85941-6d53-4eb0-8f8f-b20b46b97bfe:1744947565177:17:S:SELECT * FROM PLATILLOS;
1ec4c6c5-9dd7-4e70-82af-7f2756dfa4f6:1744947594695:5:S:SELECT * FROM HORARIOS_MESA;
43b85fb7-71b5-47eb-84bf-f8b252de8df3:1744948079907:43:F:CREATE OR REPLACE PROCEDURE CREAR_HORARIO_MESA (\n    P_DISPONIBILIDAD    VARCHAR,\n    P_HORA_EXACTA       DATE,\n    P_COMENTARIO        VARCHAR\n)\nAS\n    V_ID_HORARIO   NUMBER;\n    V_ESTADO_ID    VARCHAR2(250);\nBEGIN\n    \n    INSERT INTO HORARIOS_MESA (DISPONIBILIDAD, HORA_EXACTA)\n    VALUES (P_DISPONIBILIDAD, P_HORA_EXACTA)\n    RETURNING ID_HORARIO INTO V_ID_HORARIO;\n\n    \n    V_ESTADO_ID := CREAR_ENTRADA_ESTADO(TO_CHAR(V_ID_HORARIO), 'HORARIOS_MESA', P_COMENTARIO);\n\n    \n    UPDATE HORARIOS_MESA\n    SET ID_ESTADO = V_ESTADO_ID\n    WHERE ID_HORARIO = V_ID_HORARIO;\n\n    COMMIT;\nEND CREAR_HORARIO_MESA;\n\nBEGIN\n    CREAR_HORARIO_MESA(\n        P_DISPONIBILIDAD => 'DISPONIBLE',\n        P_HORA_EXACTA    => TO_DATE('2025-04-17 18:00', 'YYYY-MM-DD HH24:MI'),\n        P_COMENTARIO     => 'Horario creado para prueba'\n    );\nEND;\n/
a83b703e-57a9-4111-ae08-4d707518f48d:1744948116574:0:F:BEGIN\n    CREAR_HORARIO_MESA(\n        P_DISPONIBILIDAD => 'DISPONIBLE',\n        P_HORA_EXACTA    => TO_DATE('2025-04-17 18:00', 'YYYY-MM-DD HH24:MI'),\n        P_COMENTARIO     => 'Horario creado para prueba'\n    );\nEND;\n/
8dc76239-90d5-4c03-adb3-a1a2361340cb:1744948133641:0:F:BEGIN\n    CREAR_HORARIO_MESA(\n        P_DISPONIBILIDAD => 'DISPONIBLE',\n        P_HORA_EXACTA    => TO_DATE('2025-04-17 18:00', 'YYYY-MM-DD HH24:MI'),\n        P_COMENTARIO     => 'Horario creado para prueba'\n    );\nEND;\n/
249fdfa6-89cf-4c61-b727-4781191163c0:1744948147514:3:F:SELECT * FROM HORARIOS_MESA;
5ab42354-84a6-45ed-a2dd-e2426c363136:1744948169588:0:F:EXEC CREAR_HORARIO_MESA('DISPONIBLE', TO_DATE('2025-04-17 18:00', 'YYYY-MM-DD HH24:MI'), 'Horario creado para prueba');
2fad74f0-b954-45df-a07f-93d4c951b3a2:1744948171192:0:F:EXEC CREAR_HORARIO_MESA('DISPONIBLE', TO_DATE('2025-04-17 18:00', 'YYYY-MM-DD HH24:MI'), 'Horario creado para prueba');
9731c27c-3f76-4e1e-8ea4-e3613d205f47:1744948239509:23:F:CREATE OR REPLACE PROCEDURE CREAR_HORARIO_MESA (\n    P_DISPONIBILIDAD    VARCHAR,\n    P_HORA_EXACTA       DATE,\n    P_COMENTARIO        VARCHAR\n)\nAS\n    V_ID_HORARIO   NUMBER;\n    V_ESTADO_ID    VARCHAR2(250);\nBEGIN\n    -- Insertar nuevo horario\n    INSERT INTO HORARIOS_MESA (DISPONIBILIDAD, HORA_EXACTA)\n    VALUES (P_DISPONIBILIDAD, P_HORA_EXACTA)\n    RETURNING ID_HORARIO INTO V_ID_HORARIO;\n\n    -- Crear entrada en historial de estados\n    V_ESTADO_ID := CREAR_ENTRADA_ESTADO(TO_CHAR(V_ID_HORARIO), 'HORARIOS_MESA', P_COMENTARIO);\n\n    -- Actualizar el horario con el ID de estado\n    UPDATE HORARIOS_MESA\n    SET ID_ESTADO = V_ESTADO_ID\n    WHERE ID_HORARIO = V_ID_HORARIO;\n\n    COMMIT;\n\nEXCEPTION\n    WHEN OTHERS THEN\n        ROLLBACK;\n        RAISE_APPLICATION_ERROR(-20002, 'Error al crear el horario: ' || SQLERRM);\nEND CREAR_HORARIO_MESA;\n/
964f2b1f-20e0-44dc-9d8c-0dbf4d5e19d1:1744948243934:0:F:EXEC CREAR_HORARIO_MESA('DISPONIBLE', TO_DATE('2025-04-17 18:00', 'YYYY-MM-DD HH24:MI'), 'Horario creado para prueba');
45382db5-75d8-4e74-b405-5d77cfc8ae08:1744948282279:0:F:BEGIN\n    CREAR_HORARIO_MESA(\n        P_DISPONIBILIDAD => 'DISPONIBLE',\n        P_HORA_EXACTA    => TO_DATE('2025-04-17 18:00', 'YYYY-MM-DD HH24:MI'),\n        P_COMENTARIO     => 'Horario creado para prueba'\n    );\nEND;\n/
bb3be969-704c-49b3-96c7-c6e49a58a983:1744948377638:0:F:EXEC CREAR_HORARIO_MESA('DISPONIBLE', TO_DATE('2025-04-17 18:00', 'YYYY-MM-DD HH24:MI'), 'Horario creado para prueba');
aa93f029-d8d3-4c97-9db7-eca2a1dcba57:1744948669921:27:F:ALTER TABLE HORARIOS_MESA ADD (ID_HORARIO_NEW NUMBER GENERATED ALWAYS AS IDENTITY);
7e93c126-cba8-4fd9-842a-b87cd99f1c11:1744948745969:0:F:EXEC CREAR_HORARIO_MESA('DISPONIBLE', TO_DATE('2025-04-17 18:00', 'YYYY-MM-DD HH24:MI'), 'Horario creado para prueba');
398a0702-84c2-4838-89ac-24eb075ee9cd:1744948815679:153:F:DESC HORARIOS_MESA;
db26dd4f-d976-4792-bbe2-ec77cedbc103:1744948852759:126:F:DESC RESERVACIONES;
532ebd14-c9dc-4fae-a936-d1f35d3ccf47:1744948871572:17:F:DESC MESAS;
38a37c18-ce6e-44cf-b765-23a97646b429:1744948941912:0:F:BEGIN\n    CREAR_HORARIO_MESA(\n        P_DISPONIBILIDAD => 'DISPONIBLE',\n        P_HORA_EXACTA    => TO_DATE('2025-04-17 18:00', 'YYYY-MM-DD HH24:MI'),\n        P_COMENTARIO     => 'Horario creado para prueba'\n    );\nEND;\n/
ec9a1317-1bb0-4248-bd06-52c94d2b6c23:1744949128759:18:F:DESC HORARIOS_MESA;
65578f1d-e4af-4afa-abbb-b0f46084f295:1744949280334:0:F:SELECT COLUMN_NAME, IDENTITY_COLUMN, GENERATION_TYPE\nFROM ALL_TAB_COLS\nWHERE TABLE_NAME = 'HORARIOS_MESA'\nAND COLUMN_NAME = 'ID_HORARIO';
5ec52050-fabb-4ad2-a1cc-b20e7837a5b2:1744949319563:0:F:BEGIN\n    CREAR_HORARIO_MESA(\n        P_DISPONIBILIDAD => 'DISPONIBLE',\n        P_HORA_EXACTA    => TO_DATE('2025-04-17 18:00', 'YYYY-MM-DD HH24:MI'),\n        P_COMENTARIO     => 'Horario creado para prueba'\n    );\nEND;\n/
58fbb7ef-acab-465a-b971-756b4e4dc9aa:1744949415544:0:F:DROP TABLE HORARIOS_MESA;
1872de47-c4f6-45a2-893a-8c9fe0a3ba97:1744949442609:0:F:SELECT * FROM USER_CONSTRAINTS WHERE TABLE_NAME = "tabnam";
2892be99-a655-4f16-b6ad-02ad49397f88:1744949875082:0:F:ALTER TABLE RESERVACIONES\nDROP CONSTRAINT ID_HORARIO;
cf3970de-a7c2-4a7d-9849-b420ef798d00:1744949900405:19:F:ALTER TABLE RESERVACIONES\nDROP CONSTRAINT HORARIO_RESERVA_FK;
87e959f8-19a7-404a-affb-c3dc32da19c4:1744949916570:24:F:DESC RESERVACIONES;
75de4429-76c5-4d63-beaf-2dae5a6a3456:1744949951742:0:F:DROP TABLE HORARIOS_MESA;
8ece1fa9-6d8e-423a-b2fd-76b70281a3ce:1744949969007:17:F:DESC RESERVACIONES;
3f96920f-d073-4ff9-92ba-939975fdc55c:1744949992763:0:F:ALTER TABLE RESERVACIONES\nDROP CONSTRAINT ID_HORARIO;
68104aef-7a36-4909-b629-c405d382b407:1744949997517:0:F:ALTER TABLE RESERVACIONES\nDROP CONSTRAINT HORARIO_RESERVA_FK;
7d673358-f164-41ad-a914-5b0ef70011c7:1744950066269:0:F:CREATE TABLE HORARIOS_MESA(\n    ID_HORARIO_NEW NUMBER GENERATED ALWAYS AS IDENTITY,\n    DISPONIBILIDAD VARCHAR(10),\n    HORA_EXACTA DATE,\n    ID_ESTADO VARCHAR(250)\n                     CONSTRAINT ESTADO_HORARIOS_FK\n                     REFERENCES ESTADOS(ID_ESTADO)\n);
49644fb7-613e-4469-8491-0c88fb634368:1744950080207:0:F:DROP TABLE HORARIOS_MESA;
44dd3e05-c504-4561-ab9d-b31ab88e0894:1744950103604:0:F:SELECT * FROM USER_CONSTRAINTS WHERE TABLE_NAME = "tabnam";
f856ec0e-7f15-427b-94c4-b27603910c70:1744950122391:0:F:SELECT * FROM USER_CONSTRAINTS WHERE TABLE_NAME = "ID_HORARIO";
fbda3388-7820-4297-9afb-a2cb5e6471be:1744950153617:121:F:DROP TABLE RESERVACIONES;
4fb10748-5497-43d2-a0fe-d710cc73e6e2:1744950176274:0:F:DROP TABLE HORARIOS_MESA;
9367b863-50e2-40ce-8ec7-fd962d506f8a:1744950266171:15:F:drop table mesas;
43a2bad0-4e2d-497f-ae4b-bfe3e3bd3967:1744950296720:15:F:DROP TABLE HORARIOS_MESA;
6720a5c7-b0d1-4a78-b425-4da547783ad4:1744950307772:18:F:CREATE TABLE HORARIOS_MESA(\n    ID_HORARIO NUMBER GENERATED ALWAYS AS IDENTITY,\n    DISPONIBILIDAD VARCHAR(10),\n    HORA_EXACTA DATE,\n    ID_ESTADO VARCHAR(250)\n                     CONSTRAINT ESTADO_HORARIOS_FK\n                     REFERENCES ESTADOS(ID_ESTADO)\n);
f6dfb5ac-3aca-4d5b-834f-17deedf8aa4f:1744950314901:0:F:CREATE TABLE MESAS(\n    ID_MESA NUMBER PRIMARY KEY,\n    ID_HORARIO NUMBER\n                     CONSTRAINT HORARIO_MESA_FK\n                     REFERENCES HORARIOS_MESA(ID_HORARIO),\n    ID_ESTADO VARCHAR(250)\n                     CONSTRAINT ESTADO_MESAS_FK\n                     REFERENCES ESTADOS(ID_ESTADO)\n);
4df69473-403b-4f84-bed6-4e701fcdbaf9:1744950351159:0:F:CREATE TABLE RESERVACIONES (\n    ID_RESERVA NUMBER GENERATED ALWAYS AS IDENTITY PRIMARY KEY,\n    CONFIRMACION VARCHAR(10) NOT NULL,\n    CEDULA_CLIENTE NUMBER\n                     CONSTRAINT CEDULA_CLIENTE_RESERVA_FK\n                     REFERENCES PERSONAS(CEDULA),\n    MESA NUMBER\n                     CONSTRAINT MESA_RESERVA_FK\n                     REFERENCES MESAS(ID_MESA),\n    ID_HORARIO NUMBER\n                     CONSTRAINT HORARIO_RESERVA_FK\n                     REFERENCES HORARIOS_MESA(ID_HORARIO),\n    ID_ESTADO VARCHAR(250)\n                     CONSTRAINT ESTADO_RESERVACIONES_FK\n                     REFERENCES ESTADOS(ID_ESTADO)\n);
be15fa6d-aaee-421a-93fe-29ac2e6040ca:1744950357079:0:F:CREATE TABLE MESAS(\n    ID_MESA NUMBER PRIMARY KEY,\n    ID_HORARIO NUMBER\n                     CONSTRAINT HORARIO_MESA_FK\n                     REFERENCES HORARIOS_MESA(ID_HORARIO),\n    ID_ESTADO VARCHAR(250)\n                     CONSTRAINT ESTADO_MESAS_FK\n                     REFERENCES ESTADOS(ID_ESTADO)\n);
906b7816-f532-4c3c-bb56-cdf0934e085f:1744950402476:14:F:DESC HORARIOS_MESA;
63406290-5ab0-4425-9911-6bc17a845b5e:1744950409262:0:F:CREATE TABLE MESAS(\n    ID_MESA NUMBER PRIMARY KEY,\n    ID_HORARIO NUMBER\n                     CONSTRAINT HORARIO_MESA_FK\n                     REFERENCES HORARIOS_MESA(ID_HORARIO),\n    ID_ESTADO VARCHAR(250)\n                     CONSTRAINT ESTADO_MESAS_FK\n                     REFERENCES ESTADOS(ID_ESTADO)\n);
92560721-193b-49a9-be89-2bfef006f01e:1744950443182:78:F:ALTER TABLE HORARIOS_MESA MOVE TABLESPACE PLAYA_CACAO_TBS;
dabb8084-f767-4acf-a136-a6bf36ab8db9:1744950449197:0:F:CREATE TABLE MESAS(\n    ID_MESA NUMBER PRIMARY KEY,\n    ID_HORARIO NUMBER\n                     CONSTRAINT HORARIO_MESA_FK\n                     REFERENCES HORARIOS_MESA(ID_HORARIO),\n    ID_ESTADO VARCHAR(250)\n                     CONSTRAINT ESTADO_MESAS_FK\n                     REFERENCES ESTADOS(ID_ESTADO)\n);
5fb1cd34-552b-449d-b8a4-32a8c484ac33:1744950508279:0:F:CREATE TABLE RESERVACIONES (\n    ID_RESERVA NUMBER GENERATED ALWAYS AS IDENTITY PRIMARY KEY,\n    CONFIRMACION VARCHAR(10) NOT NULL,\n    CEDULA_CLIENTE NUMBER\n                     CONSTRAINT CEDULA_CLIENTE_RESERVA_FK\n                     REFERENCES PERSONAS(CEDULA),\n    MESA NUMBER\n                     CONSTRAINT MESA_RESERVA_FK\n                     REFERENCES MESAS(ID_MESA),\n    ID_HORARIO NUMBER\n                     CONSTRAINT HORARIO_RESERVA_FK\n                     REFERENCES HORARIOS_MESA(ID_HORARIO),\n    ID_ESTADO VARCHAR(250)\n                     CONSTRAINT ESTADO_RESERVACIONES_FK\n                     REFERENCES ESTADOS(ID_ESTADO)\n);
5fb1cd34-552b-449d-b8a4-32a8c484ac33:1744950508279:0:F:CREATE TABLE RESERVACIONES (\n    ID_RESERVA NUMBER GENERATED ALWAYS AS IDENTITY PRIMARY KEY,\n    CONFIRMACION VARCHAR(10) NOT NULL,\n    CEDULA_CLIENTE NUMBER\n                     CONSTRAINT CEDULA_CLIENTE_RESERVA_FK\n                     REFERENCES PERSONAS(CEDULA),\n    MESA NUMBER\n                     CONSTRAINT MESA_RESERVA_FK\n                     REFERENCES MESAS(ID_MESA),\n    ID_HORARIO NUMBER\n                     CONSTRAINT HORARIO_RESERVA_FK\n                     REFERENCES HORARIOS_MESA(ID_HORARIO),\n    ID_ESTADO VARCHAR(250)\n                     CONSTRAINT ESTADO_RESERVACIONES_FK\n                     REFERENCES ESTADOS(ID_ESTADO)\n);
f9a64a2d-0bb1-48e5-b481-ec95652d3ba4:1744950596853:0:F:ALTER TABLE MESAS DROP CONSTRAINT HORARIO_MESA_FK;
a55cfaaf-b7ec-4607-8c5c-2030c23cca7f:1744950597020:0:F:ALTER TABLE RESERVACIONES DROP CONSTRAINT HORARIO_RESERVA_FK;
a55cfaaf-b7ec-4607-8c5c-2030c23cca7f:1744950597020:0:F:ALTER TABLE RESERVACIONES DROP CONSTRAINT HORARIO_RESERVA_FK;
3cb5d38f-da5b-41c9-ae59-605b377b85fd:1744950597244:21:F:DROP TABLE HORARIOS_MESA;
3cb5d38f-da5b-41c9-ae59-605b377b85fd:1744950597244:21:F:DROP TABLE HORARIOS_MESA;
fe911930-af5e-4229-b98e-c531a9a08c17:1744950598177:24:F:CREATE TABLE HORARIOS_MESA(\n    ID_HORARIO NUMBER GENERATED ALWAYS AS IDENTITY PRIMARY KEY,\n    DISPONIBILIDAD VARCHAR(10),\n    HORA_EXACTA DATE,\n    ID_ESTADO VARCHAR(250)\n        CONSTRAINT ESTADO_HORARIOS_FK\n        REFERENCES ESTADOS(ID_ESTADO)\n);
9cc49a67-e8f9-4217-83c3-46965874ac29:1744950598263:13:F:ALTER TABLE HORARIOS_MESA MOVE TABLESPACE PLAYA_CACAO_TBS;
9cc49a67-e8f9-4217-83c3-46965874ac29:1744950598263:13:F:ALTER TABLE HORARIOS_MESA MOVE TABLESPACE PLAYA_CACAO_TBS;
a5989069-6d85-4645-b377-07b8a6bb925a:1744950598551:0:F:ALTER TABLE MESAS ADD CONSTRAINT HORARIO_MESA_FK \n    FOREIGN KEY (ID_HORARIO) REFERENCES HORARIOS_MESA(ID_HORARIO);
f07c676e-5c5f-43a3-b9b8-58f6e2e22d0c:1744950598750:0:F:ALTER TABLE RESERVACIONES ADD CONSTRAINT HORARIO_RESERVA_FK \n    FOREIGN KEY (ID_HORARIO) REFERENCES HORARIOS_MESA(ID_HORARIO);
d5525eba-65f3-4ba9-8693-00cd15b4f238:1744950668097:6:F:SELECT * from HORARIOS_MESA;
38529181-3555-4655-a81b-e43a7ebaceaf:1744950683496:0:F:SELECT * from MESAS;
8151ccf2-44a2-4688-a250-5a81d31f01be:1744950694222:7:F:CREATE TABLE MESAS(\n    ID_MESA NUMBER PRIMARY KEY,\n    ID_HORARIO NUMBER\n                     CONSTRAINT HORARIO_MESA_FK\n                     REFERENCES HORARIOS_MESA(ID_HORARIO),\n    ID_ESTADO VARCHAR(250)\n                     CONSTRAINT ESTADO_MESAS_FK\n                     REFERENCES ESTADOS(ID_ESTADO)\n);
b76cfb19-e5be-43d8-9549-072200f4458f:1744950709974:0:F:CREATE TABLE ESTADOS(\n    ID_ESTADO VARCHAR(250) PRIMARY KEY,\n    TABLA_ENTRADA VARCHAR(50) NOT NULL,\n    COMENTARIO VARCHAR(250),\n    FECHA_CAMBIO DATE,\n    ESTADO VARCHAR(10) NOT NULL\n);
5e14e700-de70-4ae0-ada0-eaf46d503e55:1744950710043:33:F:ALTER TABLE ESTADOS MOVE TABLESPACE PLAYA_CACAO_TBS;
d6a333ae-0862-4254-ab7a-9cf8ec63ca8b:1744950710349:0:F:CREATE TABLE CORREOS(\n    DIRECCION_DE_CORREO VARCHAR(100) PRIMARY KEY,\n    CORREO_DE_RESPALDO VARCHAR(100) NOT NULL,\n    ID_ESTADO VARCHAR(250)\n                     CONSTRAINT ESTADO_CORREOS_FK\n                     REFERENCES ESTADOS(ID_ESTADO)\n);
f9d31792-621c-4ed9-91c6-4adb8ff70731:1744950710399:18:F:ALTER TABLE CORREOS MOVE TABLESPACE PLAYA_CACAO_TBS;
94b12010-d480-47c5-b699-8ddf87c63774:1744950710844:0:F:CREATE TABLE ROL_PERSONA(\n    ID_ROL_PERSONA VARCHAR(50) PRIMARY KEY,\n    NOMBRE_LARGO_TIPO VARCHAR(100) NOT NULL,\n    DESCRIPCION VARCHAR(250) NOT NULL,\n    Nivel_Permiso VARCHAR(100),\n    ID_ESTADO VARCHAR(250)\n                     CONSTRAINT ESTADO_ROL_PERSONA_FK\n                     REFERENCES ESTADOS(ID_ESTADO)\n);
d6e08684-40ff-4c02-87c5-e8c12515eec9:1744950710910:15:F:ALTER TABLE ROL_PERSONA MOVE TABLESPACE PLAYA_CACAO_TBS;
a3504235-2da2-4a1a-a0aa-623be0512b92:1744950711007:0:F:ALTER TABLE ROL_PERSONA ADD NIVEL_PERMISO VARCHAR(100);
d0f18866-4191-4579-a853-ff6e9d4132c6:1744950711373:0:F:CREATE TABLE DISTRITO(\n    ID_DISTRITO NUMBER GENERATED ALWAYS AS IDENTITY PRIMARY KEY,\n    NOMBRE_DISTRITO VARCHAR(50) NOT NULL,\n    ID_ESTADO VARCHAR(250)\n                     CONSTRAINT ESTADO_DISTRITO_FK\n                     REFERENCES ESTADOS(ID_ESTADO)\n);
0c76cbd6-a610-4444-bf66-d127dbe53ffc:1744950711453:25:F:ALTER TABLE DISTRITO MOVE TABLESPACE PLAYA_CACAO_TBS;
5df0da67-d9e6-4cf3-8250-2d5c5ab8305f:1744950712017:0:F:CREATE TABLE CANTON(\n    ID_CANTON NUMBER GENERATED ALWAYS AS IDENTITY PRIMARY KEY,\n    NOMBRE_CANTON VARCHAR(50) NOT NULL,\n    ID_ESTADO VARCHAR(250)\n                     CONSTRAINT ESTADO_CANTON_FK\n                     REFERENCES ESTADOS(ID_ESTADO)\n);
c2afc4fb-bd5f-4eb9-98bf-8935a9c8c993:1744950712087:19:F:ALTER TABLE CANTON MOVE TABLESPACE PLAYA_CACAO_TBS;
5b138403-00ae-4c1c-ad24-39a1e45fa9f7:1744950712382:0:F:CREATE TABLE PROVINCIA(\n    ID_PROVINCIA NUMBER GENERATED ALWAYS AS IDENTITY PRIMARY KEY,\n    NOMBRE_PROVINCIA VARCHAR(50) NOT NULL,\n    ID_ESTADO VARCHAR(250)\n                     CONSTRAINT ESTADO_PROVINCIA_FK\n                     REFERENCES ESTADOS(ID_ESTADO)\n);
b0bf2242-082a-4b21-b93b-98de050c5bab:1744950712458:32:F:ALTER TABLE PROVINCIA MOVE TABLESPACE PLAYA_CACAO_TBS;
3f71c15d-500d-4f5f-b662-95794da907e0:1744950713392:0:F:CREATE TABLE DIRECCIONES_PERSONAS(\n    ID_DIRECCION VARCHAR(100) PRIMARY KEY,\n    ID_DISTRITO NUMBER\n                     CONSTRAINT DISTRITO_FK\n                     REFERENCES DISTRITO(ID_DISTRITO),\n    ID_CANTON NUMBER\n                     CONSTRAINT CANTON_FK\n                     REFERENCES CANTON(ID_CANTON),\n    ID_PROVINCIA NUMBER\n                     CONSTRAINT PROVINCIA_FK\n                     REFERENCES PROVINCIA(ID_PROVINCIA),\n    ID_ESTADO VARCHAR(250)\n                     CONSTRAINT ESTADO_DIRECCIONES_PERSONAS_FK\n                     REFERENCES ESTADOS(ID_ESTADO)\n);
0f0d2def-544c-461a-afeb-734f43644167:1744950713477:29:F:ALTER TABLE DIRECCIONES_PERSONAS MOVE TABLESPACE PLAYA_CACAO_TBS;
65791b98-559a-41b3-9303-36ccb8e20404:1744950713948:0:F:CREATE TABLE ENCRIPCION_PASSWORDS(\n    PASSWORD_ID VARCHAR(100) PRIMARY KEY,\n    PASSWORD_VAL RAW(200) NOT NULL,\n    LLAVE RAW(32),\n    ID_ESTADO VARCHAR(250)\n                     CONSTRAINT ESTADO_ENCRIPCION_PASSWORDS_FK\n                     REFERENCES ESTADOS(ID_ESTADO)\n);
45b4373d-e1e6-4f6f-95cd-49653d0fc099:1744950714010:19:F:ALTER TABLE ENCRIPCION_PASSWORDS MOVE TABLESPACE PLAYA_CACAO_TBS;
e56c9e04-2dd9-40c6-bddc-c841b1457c5d:1744950715598:0:F:CREATE TABLE PERSONAS(\n    CEDULA NUMBER PRIMARY KEY,\n    NOMBRE VARCHAR(50) NOT NULL,\n    APELLIDO VARCHAR(50) NOT NULL,\n    NUMERO_DE_TELEFONO VARCHAR(20) NOT NULL,\n    ID_ROL_PERSONA VARCHAR(50)\n                     CONSTRAINT ROL_PERSONA_FK\n                     REFERENCES ROL_PERSONA(ID_ROL_PERSONA),\n   DIRECCION_DE_CORREO VARCHAR(100)\n                     CONSTRAINT CORREO_FK\n                     REFERENCES CORREOS(DIRECCION_DE_CORREO),\n    PASSWORD_ID VARCHAR(100)\n                     CONSTRAINT PASSWORD_FK\n                     REFERENCES ENCRIPCION_PASSWORDS(PASSWORD_ID),\n    ID_DIRECCION VARCHAR(100)\n                     CONSTRAINT DIRECCION_FK\n                     REFERENCES DIRECCIONES_PERSONAS(ID_DIRECCION),\n    ID_ESTADO VARCHAR(250)\n                     CONSTRAINT ESTADO_PERSONAS_FK\n                     REFERENCES ESTADOS(ID_ESTADO)\n);
4151ae7e-3380-420b-bf15-0fcb8839969e:1744950715674:24:F:ALTER TABLE PERSONAS MOVE TABLESPACE PLAYA_CACAO_TBS;
34fc4844-336e-4008-84fd-9bf7c0cb1601:1744950716213:0:F:CREATE TABLE PUESTOS(\n    ID_PUESTO NUMBER GENERATED ALWAYS AS IDENTITY PRIMARY KEY,\n    NOMBRE_PUESTO VARCHAR(50) NOT NULL,\n    SALARIO_BASE NUMBER NOT NULL,\n    DESCRIPCION VARCHAR(255) NOT NULL,\n    ID_ESTADO VARCHAR(250)\n                     CONSTRAINT ESTADO_PUESTOS_FK\n                     REFERENCES ESTADOS(ID_ESTADO)\n);
437f8b78-77dc-4d81-952a-f41a97b182ef:1744950716286:29:F:ALTER TABLE PUESTOS MOVE TABLESPACE PLAYA_CACAO_TBS;
8bd697f5-fbb7-42fa-ac05-4894ddab27f0:1744950716867:0:F:CREATE TABLE DEPARTAMENTOS(\n    ID_DEPARTAMENTO NUMBER GENERATED ALWAYS AS IDENTITY PRIMARY KEY,\n    NOMBRE_DEPARTAMENTO VARCHAR(50) NOT NULL,\n    DESCRIPCION VARCHAR(255) NOT NULL,\n    ID_ESTADO VARCHAR(250)\n                     CONSTRAINT ESTADO_DEPARTAMENTOS_FK\n                     REFERENCES ESTADOS(ID_ESTADO)\n);
f8a71aae-00a6-4c54-b52b-9ead7468b0d9:1744950716930:17:F:ALTER TABLE DEPARTAMENTOS MOVE TABLESPACE PLAYA_CACAO_TBS;
762508ed-7f8f-4e7b-8ae9-241ec03e1fcd:1744950717894:0:F:CREATE TABLE EMPLEADOS(\n    ID_EMPLEADO NUMBER PRIMARY KEY,\n    ID_DEPARTAMENTO NUMBER\n                     CONSTRAINT DEPARTAMENTOS_FK\n                     REFERENCES DEPARTAMENTOS(ID_DEPARTAMENTO),\n    ID_PUESTO NUMBER\n                     CONSTRAINT PUESTOS_FK\n                     REFERENCES PUESTOS(ID_PUESTO),\n    SALARIO NUMBER,\n    CEDULA NUMBER\n                     CONSTRAINT EMPLEADO_PERSONA_FK\n                     REFERENCES PERSONAS(CEDULA),\n    ID_ESTADO VARCHAR(250)\n                     CONSTRAINT ESTADO_EMPLEADOS_FK\n                     REFERENCES ESTADOS(ID_ESTADO)\n);
d02d09ed-7df7-4c70-bcbb-3043e857d0d0:1744950717956:16:F:ALTER TABLE EMPLEADOS MOVE TABLESPACE PLAYA_CACAO_TBS;
7fde5a22-9081-4855-8d04-590aa3a8f4a0:1744950718399:0:F:CREATE TABLE HORARIOS_MESA(\n    ID_HORARIO NUMBER GENERATED ALWAYS AS IDENTITY,\n    DISPONIBILIDAD VARCHAR(10),\n    HORA_EXACTA DATE,\n    ID_ESTADO VARCHAR(250)\n                     CONSTRAINT ESTADO_HORARIOS_FK\n                     REFERENCES ESTADOS(ID_ESTADO)\n);
6add2668-976e-4bd7-b569-5c7b31034880:1744950718521:15:F:SELECT * from HORARIOS_MESA;
f190cd2b-ea74-4196-b06e-2f84c67958b4:1744950718660:24:F:DESC HORARIOS_MESA;
e74391ef-955d-4645-bdec-451c5eae01d7:1744950718767:0:F:DROP TABLE HORARIOS_MESA;
7724d494-4278-4597-a502-18e12ec88270:1744950718838:8:F:ALTER TABLE HORARIOS_MESA MOVE TABLESPACE PLAYA_CACAO_TBS;
f6d5aa9d-8b7a-4876-a303-440108c0981f:1744950719370:0:F:CREATE TABLE MESAS(\n    ID_MESA NUMBER PRIMARY KEY,\n    ID_HORARIO NUMBER\n                     CONSTRAINT HORARIO_MESA_FK\n                     REFERENCES HORARIOS_MESA(ID_HORARIO),\n    ID_ESTADO VARCHAR(250)\n                     CONSTRAINT ESTADO_MESAS_FK\n                     REFERENCES ESTADOS(ID_ESTADO)\n);
98f3c9d9-b202-4116-a3ca-8287615443ae:1744950719448:23:F:SELECT * from MESAS;
5a7c0e3a-d292-4c1d-ba93-7a1c9738a01f:1744950719617:9:F:ALTER TABLE MESAS MOVE TABLESPACE PLAYA_CACAO_TBS;
32278471-dcef-4cb8-82b7-65060f0829e9:1744950719670:16:F:drop table mesas;
aca3bce3-be2c-419b-93a0-b656877d70d4:1744950720734:0:F:CREATE TABLE RESERVACIONES (\n    ID_RESERVA NUMBER GENERATED ALWAYS AS IDENTITY PRIMARY KEY,\n    CONFIRMACION VARCHAR(10) NOT NULL,\n    CEDULA_CLIENTE NUMBER\n                     CONSTRAINT CEDULA_CLIENTE_RESERVA_FK\n                     REFERENCES PERSONAS(CEDULA),\n    MESA NUMBER\n                     CONSTRAINT MESA_RESERVA_FK\n                     REFERENCES MESAS(ID_MESA),\n    ID_HORARIO NUMBER\n                     CONSTRAINT HORARIO_RESERVA_FK\n                     REFERENCES HORARIOS_MESA(ID_HORARIO),\n    ID_ESTADO VARCHAR(250)\n                     CONSTRAINT ESTADO_RESERVACIONES_FK\n                     REFERENCES ESTADOS(ID_ESTADO)\n);
7743a215-d93d-4ad9-82c5-12bc5a12d053:1744950720809:0:F:ALTER TABLE RESERVACIONES MOVE TABLESPACE PLAYA_CACAO_TBS;
9d09f8a9-5662-463f-9b36-20fa288fbbb0:1744950720870:0:F:DROP TABLE RESERVACIONES;
a7d135d1-78c8-45e9-adf3-0386d82ae863:1744950721376:0:F:CREATE TABLE PLATILLOS(\n    ID_PLATILLO NUMBER GENERATED ALWAYS AS IDENTITY PRIMARY KEY,\n    NOMBRE_PLATILLO VARCHAR(250) NOT NULL,\n    PRECIO_UNITARIO NUMBER NOT NULL,\n    CANTIDAD NUMBER NOT NULL,\n    ID_ESTADO VARCHAR(250)\n                     CONSTRAINT ESTADO_PLATILLOS_FK\n                     REFERENCES ESTADOS(ID_ESTADO)\n);
eb14dcf4-d2a4-458c-a78b-86d002f32d12:1744950721456:41:F:ALTER TABLE PLATILLOS MOVE TABLESPACE PLAYA_CACAO_TBS;
e9e5137b-5c3a-471b-bff8-1868a3631c8f:1744950721570:15:F:SELECT * FROM PLATILLOS;
fc24fdbe-adc2-470e-b827-135846958e59:1744950722053:0:F:CREATE TABLE MENU (\n    ID_MENU NUMBER GENERATED ALWAYS AS IDENTITY PRIMARY KEY,\n    NOMBRE_MENU VARCHAR2(100) NOT NULL,\n    DESCRIPCION VARCHAR2(255) NOT NULL, \n    ID_ESTADO VARCHAR(250)\n                     CONSTRAINT ESTADO_MENU_FK\n                     REFERENCES ESTADOS(ID_ESTADO)\n);
ae267081-7473-4c18-ae97-9d306cb75324:1744950722118:20:F:ALTER TABLE MENU MOVE TABLESPACE PLAYA_CACAO_TBS;
7a1575b7-a2e2-4b39-824b-23736c568ce9:1744950723026:0:F:CREATE TABLE PLATILLOS_MENU(\n    ID_PLATILLOS_MENU NUMBER GENERATED ALWAYS AS IDENTITY PRIMARY KEY,\n    ID_PLATILLO NUMBER \n                     CONSTRAINT LISTADO_PLATILLO_FK\n                     REFERENCES PLATILLOS(ID_PLATILLO),\n    ID_MENU NUMBER\n                    CONSTRAINT LISTADO_MENU_FK\n                    REFERENCES MENU(ID_MENU),\n    ID_ESTADO VARCHAR(250) \n                     CONSTRAINT ESTADO_PLATILLOS_MENU_FK\n                     REFERENCES ESTADOS(ID_ESTADO)\n);
1dc18495-1cd5-441e-bb90-98e1363326cf:1744950723089:19:F:ALTER TABLE PLATILLOS_MENU MOVE TABLESPACE PLAYA_CACAO_TBS;
ddfa2f69-42fc-4dc5-b04c-2334c20fdfa5:1744950723846:0:F:CREATE TABLE PEDIDOS(\n    ID_PEDIDO NUMBER GENERATED ALWAYS AS IDENTITY PRIMARY KEY,\n    CEDULA_CLIENTE NUMBER\n                     CONSTRAINT CEDULA_CLIENTE_PEDIDO_FK\n                     REFERENCES PERSONAS(CEDULA),\n    MONTO_ESTIMADO NUMBER NOT NULL,\n    ESTADO_PEDIDO VARCHAR(20),\n    ID_ESTADO VARCHAR(250)\n                     CONSTRAINT ESTADO_PEDIDOS_FK\n                     REFERENCES ESTADOS(ID_ESTADO)\n);
ff2e79d6-92f1-46c7-9689-a061f88ea41b:1744950723912:11:F:ALTER TABLE PEDIDOS MOVE TABLESPACE PLAYA_CACAO_TBS;
abf9b7ee-2f89-4f62-a266-62f7ab5fec70:1744950724336:0:F:CREATE TABLE METODO_PAGO(\n    ID_METODO NUMBER GENERATED ALWAYS AS IDENTITY PRIMARY KEY,\n    NOMBRE_METODO VARCHAR(50) NOT NULL,\n    DESCRIPCION VARCHAR(250) NOT NULL,\n    ID_ESTADO VARCHAR(250)\n                     CONSTRAINT ESTADO_METODO_PAGO_FK\n                     REFERENCES ESTADOS(ID_ESTADO)\n);
3585df11-4308-44d8-b20d-002e348b1a0e:1744950724409:34:F:ALTER TABLE METODO_PAGO MOVE TABLESPACE PLAYA_CACAO_TBS;
2ae06013-94f0-4161-a956-23662a0bbf07:1744950725621:0:F:CREATE TABLE FACTURAS (\n    ID_FACTURA NUMBER GENERATED ALWAYS AS IDENTITY PRIMARY KEY,\n    CEDULA_CLIENTE NUMBER\n                     CONSTRAINT CEDULA_CLIENTE_FACTURA_FK\n                     REFERENCES PERSONAS(CEDULA),\n    ID_PEDIDO NUMBER\n                     CONSTRAINT FACTURA_PEDIDO_FK\n                     REFERENCES PEDIDOS(ID_PEDIDO),\n    ID_METODO NUMBER\n                     CONSTRAINT METODO_PAGO_FACTURA_FK\n                     REFERENCES METODO_PAGO(ID_METODO),\n    MONTO_TOTAL NUMBER NOT NULL,\n    NOMBRE_CLIENTE VARCHAR(100),\n    VUELTO NUMBER NOT NULL,\n    DESCUENTO NUMBER,\n    IVA NUMBER,\n    ID_ESTADO VARCHAR(250)\n                     CONSTRAINT ESTADO_FACTURAS_FK\n                     REFERENCES ESTADOS(ID_ESTADO)\n);
35773887-7ad4-40cd-b4c5-94006022b590:1744950725688:10:F:ALTER TABLE FACTURAS MOVE TABLESPACE PLAYA_CACAO_TBS;
c272fbc8-784c-462f-ae87-8d9553ce005a:1744950725750:25:F:ALTER TABLE FACTURAS ADD DESCUENTO NUMBER;
cd1fa50c-02bf-4d87-b003-bed1dc4b4cff:1744950725831:14:F:ALTER TABLE FACTURAS ADD IVA NUMBER;
69091b50-40f8-4dd2-a4bc-6237f71cde9f:1744950726902:0:F:CREATE TABLE LISTA_PLATILLOS(\n    ID_LISTA_PLATILLOS NUMBER GENERATED ALWAYS AS IDENTITY PRIMARY KEY,\n    ID_PLATILLO NUMBER\n                     CONSTRAINT LISTADO_PLATILLO_LISTA_FK\n                     REFERENCES PLATILLOS(ID_PLATILLO),\n    ID_PEDIDO NUMBER\n                    CONSTRAINT LISTADO_PLATILLOS_PEDIDO_FK\n                    REFERENCES PEDIDOS(ID_PEDIDO),\n    ID_FACTURA NUMBER\n                    CONSTRAINT LISTA_PLATILLO_FACTURA_FK\n                    REFERENCES FACTURAS(ID_FACTURA),\n    ID_ESTADO VARCHAR(250)\n                     CONSTRAINT ESTADO_LISTA_PLATILLOS_FK\n                     REFERENCES ESTADOS(ID_ESTADO)\n);
a69d24e4-3ef8-424a-bb12-46b575b4e53a:1744950726963:14:F:ALTER TABLE LISTA_PLATILLOS MOVE TABLESPACE PLAYA_CACAO_TBS;
a69d24e4-3ef8-424a-bb12-46b575b4e53a:1744950726963:14:F:ALTER TABLE LISTA_PLATILLOS MOVE TABLESPACE PLAYA_CACAO_TBS;
6b6d5a3f-8176-4776-b4c0-a055a6e9c204:1744950727192:0:F:ALTER TABLE MESAS DROP CONSTRAINT HORARIO_MESA_FK;
03ee35ef-c1a1-4d2a-bf61-5d9fb08be082:1744950727262:0:F:ALTER TABLE RESERVACIONES DROP CONSTRAINT HORARIO_RESERVA_FK;
03ee35ef-c1a1-4d2a-bf61-5d9fb08be082:1744950727262:0:F:ALTER TABLE RESERVACIONES DROP CONSTRAINT HORARIO_RESERVA_FK;
d44ca331-210f-4854-9cb5-3d9cecb4ed35:1744950727496:31:F:DROP TABLE HORARIOS_MESA;
d44ca331-210f-4854-9cb5-3d9cecb4ed35:1744950727496:31:F:DROP TABLE HORARIOS_MESA;
13b753cd-cea5-4692-8121-5fb9b1b060fa:1744950727989:18:F:CREATE TABLE HORARIOS_MESA(\n    ID_HORARIO NUMBER GENERATED ALWAYS AS IDENTITY PRIMARY KEY,\n    DISPONIBILIDAD VARCHAR(10),\n    HORA_EXACTA DATE,\n    ID_ESTADO VARCHAR(250)\n        CONSTRAINT ESTADO_HORARIOS_FK\n        REFERENCES ESTADOS(ID_ESTADO)\n);
a77f1e45-072b-4edc-9cd2-c4c83fe32f5e:1744950728064:12:F:ALTER TABLE HORARIOS_MESA MOVE TABLESPACE PLAYA_CACAO_TBS;
a77f1e45-072b-4edc-9cd2-c4c83fe32f5e:1744950728064:12:F:ALTER TABLE HORARIOS_MESA MOVE TABLESPACE PLAYA_CACAO_TBS;
66e1e0bf-1759-420e-92c4-b59e6545a4df:1744950728304:0:F:ALTER TABLE MESAS ADD CONSTRAINT HORARIO_MESA_FK \n    FOREIGN KEY (ID_HORARIO) REFERENCES HORARIOS_MESA(ID_HORARIO);
6b03d015-140e-4f11-8e6c-c12aa5524f38:1744950728470:0:F:ALTER TABLE RESERVACIONES ADD CONSTRAINT HORARIO_RESERVA_FK \n    FOREIGN KEY (ID_HORARIO) REFERENCES HORARIOS_MESA(ID_HORARIO);
3b9158ae-29c8-40b5-a6eb-b65677acb77e:1744950774562:0:F:CREATE TABLE HORARIOS_MESA(\n    ID_HORARIO NUMBER GENERATED ALWAYS AS IDENTITY,\n    DISPONIBILIDAD VARCHAR(10),\n    HORA_EXACTA DATE,\n    ID_ESTADO VARCHAR(250)\n                     CONSTRAINT ESTADO_HORARIOS_FK\n                     REFERENCES ESTADOS(ID_ESTADO)\n);
ecdd483e-b40b-41b7-9bad-bccc19c28d3c:1744950780373:16:F:SELECT * from HORARIOS_MESA;
24b01e29-8b75-4bff-a29c-bab385941814:1744950784211:26:F:DESC HORARIOS_MESA;
4fd60938-aefa-48b9-bd42-695b6ac2e9ff:1744950792671:0:F:SELECT * from MESAS;
5ec82bba-13e3-48bf-853d-88e77a887231:1744950800302:24:F:CREATE TABLE MESAS(\n    ID_MESA NUMBER PRIMARY KEY,\n    ID_HORARIO NUMBER\n                     CONSTRAINT HORARIO_MESA_FK\n                     REFERENCES HORARIOS_MESA(ID_HORARIO),\n    ID_ESTADO VARCHAR(250)\n                     CONSTRAINT ESTADO_MESAS_FK\n                     REFERENCES ESTADOS(ID_ESTADO)\n);
d86bf886-d519-4195-bb57-9cb38f8e8611:1744950803372:13:F:SELECT * from MESAS;
74da35f3-ece6-4c65-adc7-c957ba5b95d2:1744950814297:11:F:CREATE TABLE RESERVACIONES (\n    ID_RESERVA NUMBER GENERATED ALWAYS AS IDENTITY PRIMARY KEY,\n    CONFIRMACION VARCHAR(10) NOT NULL,\n    CEDULA_CLIENTE NUMBER\n                     CONSTRAINT CEDULA_CLIENTE_RESERVA_FK\n                     REFERENCES PERSONAS(CEDULA),\n    MESA NUMBER\n                     CONSTRAINT MESA_RESERVA_FK\n                     REFERENCES MESAS(ID_MESA),\n    ID_HORARIO NUMBER\n                     CONSTRAINT HORARIO_RESERVA_FK\n                     REFERENCES HORARIOS_MESA(ID_HORARIO),\n    ID_ESTADO VARCHAR(250)\n                     CONSTRAINT ESTADO_RESERVACIONES_FK\n                     REFERENCES ESTADOS(ID_ESTADO)\n);
f7139a5b-4a77-4038-91fa-277ea1634e9c:1744950824026:19:F:ALTER TABLE RESERVACIONES MOVE TABLESPACE PLAYA_CACAO_TBS;
4b059d92-557d-40f6-8b50-79555b03fe32:1744950827700:11:F:ALTER TABLE MESAS MOVE TABLESPACE PLAYA_CACAO_TBS;
2bb85f36-c37b-4fc2-a1cd-146704c129b8:1744950836304:6:F:ALTER TABLE HORARIOS_MESA MOVE TABLESPACE PLAYA_CACAO_TBS;
f74a3efb-fe0f-4081-ba09-520a2cecc478:1744950858472:0:F:BEGIN\n    CREAR_HORARIO_MESA(\n        P_DISPONIBILIDAD => 'DISPONIBLE',\n        P_HORA_EXACTA    => TO_DATE('2025-04-17 18:00', 'YYYY-MM-DD HH24:MI'),\n        P_COMENTARIO     => 'Horario creado para prueba'\n    );\nEND;\n/
910ce3ab-e9eb-487c-836e-8d75d0c4d12b:1744951004317:0:F:BEGIN\n    CREAR_HORARIO_MESA(\n        P_DISPONIBILIDAD => 'DISPONIBLE',\n        P_HORA_EXACTA    => TO_DATE('2025-04-17 18:00', 'YYYY-MM-DD HH24:MI'),\n        P_COMENTARIO     => 'Horario creado para prueba'\n    );\nEND;\n/
fc341fdf-9e85-4bd6-a2d0-8b5cd0e82198:1744951038704:22:F:ALTER INDEX PLAYACACAODB.SYS_C008458 REBUILD;
db9da61a-e4ce-4ed1-be9d-0451191c35ee:1744951042602:9:F:BEGIN\n    CREAR_HORARIO_MESA(\n        P_DISPONIBILIDAD => 'DISPONIBLE',\n        P_HORA_EXACTA    => TO_DATE('2025-04-17 18:00', 'YYYY-MM-DD HH24:MI'),\n        P_COMENTARIO     => 'Horario creado para prueba'\n    );\nEND;\n/
62ed3054-66a5-4a9d-a2ef-3dbd81c62bb1:1744951061800:91:F:SELECT * FROM HORARIOS_MESA;
